2024-10-10 03:27:44.212 +00:00 [INF] Application Started...
2024-10-10 03:27:45.190 +00:00 [WRN] Storing keys in a directory '/root/.aspnet/DataProtection-Keys' that may not be persisted outside of the container. Protected data will be unavailable when container is destroyed. For more information go to https://aka.ms/aspnet/dataprotectionwarning
2024-10-10 03:27:45.303 +00:00 [WRN] Overriding HTTP_PORTS '8080' and HTTPS_PORTS ''. Binding to values defined by URLS instead 'http://*:80'.
2024-10-10 03:28:08.529 +00:00 [WRN] Failed to determine the https port for redirect.
2024-10-10 15:34:07.163 +00:00 [INF] Application Started...
2024-10-10 15:34:08.471 +00:00 [WRN] Storing keys in a directory '/root/.aspnet/DataProtection-Keys' that may not be persisted outside of the container. Protected data will be unavailable when container is destroyed. For more information go to https://aka.ms/aspnet/dataprotectionwarning
2024-10-10 15:34:08.559 +00:00 [WRN] Overriding HTTP_PORTS '8080' and HTTPS_PORTS ''. Binding to values defined by URLS instead 'http://*:80'.
2024-10-10 15:34:22.364 +00:00 [WRN] Failed to determine the https port for redirect.
2024-10-10 15:35:10.647 +00:00 [INF] Application Started...
2024-10-10 15:35:11.590 +00:00 [WRN] Storing keys in a directory '/root/.aspnet/DataProtection-Keys' that may not be persisted outside of the container. Protected data will be unavailable when container is destroyed. For more information go to https://aka.ms/aspnet/dataprotectionwarning
2024-10-10 15:35:11.665 +00:00 [WRN] Overriding HTTP_PORTS '8080' and HTTPS_PORTS ''. Binding to values defined by URLS instead 'http://*:80'.
2024-10-10 17:05:32.473 +00:00 [INF] Application Started...
2024-10-10 17:05:33.450 +00:00 [WRN] Storing keys in a directory '/root/.aspnet/DataProtection-Keys' that may not be persisted outside of the container. Protected data will be unavailable when container is destroyed. For more information go to https://aka.ms/aspnet/dataprotectionwarning
2024-10-10 17:05:33.519 +00:00 [WRN] No XML encryptor configured. Key {613a1b9a-17b4-4e94-a482-e0582a4997cf} may be persisted to storage in unencrypted form.
2024-10-10 17:05:33.535 +00:00 [WRN] Overriding HTTP_PORTS '8080' and HTTPS_PORTS ''. Binding to values defined by URLS instead 'http://*:80'.
2024-10-10 17:05:50.869 +00:00 [WRN] Failed to determine the https port for redirect.
2024-10-10 17:20:31.035 +00:00 [INF] Application Started...
2024-10-10 17:20:32.509 +00:00 [WRN] Storing keys in a directory '/root/.aspnet/DataProtection-Keys' that may not be persisted outside of the container. Protected data will be unavailable when container is destroyed. For more information go to https://aka.ms/aspnet/dataprotectionwarning
2024-10-10 17:20:32.604 +00:00 [WRN] No XML encryptor configured. Key {d73b6c90-8643-4d14-832a-c545edbcfd31} may be persisted to storage in unencrypted form.
2024-10-10 17:20:32.695 +00:00 [WRN] Overriding HTTP_PORTS '8080' and HTTPS_PORTS ''. Binding to values defined by URLS instead 'http://*:80'.
2024-10-10 17:20:37.571 +00:00 [WRN] Failed to determine the https port for redirect.
2024-10-10 17:20:40.791 +00:00 [ERR] An exception was thrown while deserializing the token.
Microsoft.AspNetCore.Antiforgery.AntiforgeryValidationException: The antiforgery token could not be decrypted.
 ---> System.Security.Cryptography.CryptographicException: The key {613a1b9a-17b4-4e94-a482-e0582a4997cf} was not found in the key ring. For more information go to https://aka.ms/aspnet/dataprotectionwarning
   at Microsoft.AspNetCore.DataProtection.KeyManagement.KeyRingBasedDataProtector.UnprotectCore(Byte[] protectedData, Boolean allowOperationsOnRevokedKeys, UnprotectStatus& status)
   at Microsoft.AspNetCore.DataProtection.KeyManagement.KeyRingBasedDataProtector.Unprotect(Byte[] protectedData)
   at Microsoft.AspNetCore.Antiforgery.DefaultAntiforgeryTokenSerializer.Deserialize(String serializedToken)
   --- End of inner exception stack trace ---
   at Microsoft.AspNetCore.Antiforgery.DefaultAntiforgeryTokenSerializer.Deserialize(String serializedToken)
   at Microsoft.AspNetCore.Antiforgery.DefaultAntiforgery.GetCookieTokenDoesNotThrow(HttpContext httpContext)
2024-10-10 17:20:55.308 +00:00 [WRN] The temp data cookie .AspNetCore.Mvc.CookieTempDataProvider could not be loaded.
System.Security.Cryptography.CryptographicException: The key {613a1b9a-17b4-4e94-a482-e0582a4997cf} was not found in the key ring. For more information go to https://aka.ms/aspnet/dataprotectionwarning
   at Microsoft.AspNetCore.DataProtection.KeyManagement.KeyRingBasedDataProtector.UnprotectCore(Byte[] protectedData, Boolean allowOperationsOnRevokedKeys, UnprotectStatus& status)
   at Microsoft.AspNetCore.DataProtection.KeyManagement.KeyRingBasedDataProtector.Unprotect(Byte[] protectedData)
   at Microsoft.AspNetCore.Mvc.ViewFeatures.CookieTempDataProvider.LoadTempData(HttpContext context)
